[12-Jul-2023 17:16:09 UTC] PHP Warning:  Undefined array key "useFeaturedImage" in C:\Users\OMENS\Local Sites\hot-dang-homes\app\public\wp-content\plugins\wp-graphql-blocks-1.0.10\plugin.php on line 37
[12-Jul-2023 17:19:00 UTC] PHP Warning:  Undefined array key "useFeaturedImage" in C:\Users\OMENS\Local Sites\hot-dang-homes\app\public\wp-content\plugins\wp-graphql-blocks-1.0.10\plugin.php on line 37
[13-Jul-2023 13:09:34 UTC] PHP Warning:  Undefined array key "useFeaturedImage" in C:\Users\OMENS\Local Sites\hot-dang-homes\app\public\wp-content\plugins\wp-graphql-blocks-1.0.10\plugin.php on line 37
[13-Jul-2023 13:26:38 UTC] PHP Warning:  Undefined array key "useFeaturedImage" in C:\Users\OMENS\Local Sites\hot-dang-homes\app\public\wp-content\plugins\wp-graphql-blocks-1.0.10\plugin.php on line 37
[13-Jul-2023 13:27:06 UTC] PHP Warning:  Undefined array key "useFeaturedImage" in C:\Users\OMENS\Local Sites\hot-dang-homes\app\public\wp-content\plugins\wp-graphql-blocks-1.0.10\plugin.php on line 37
[13-Jul-2023 13:30:57 UTC] PHP Warning:  Undefined array key "useFeaturedImage" in C:\Users\OMENS\Local Sites\hot-dang-homes\app\public\wp-content\plugins\wp-graphql-blocks-1.0.10\plugin.php on line 37
[13-Jul-2023 13:31:55 UTC] PHP Warning:  Undefined array key "useFeaturedImage" in C:\Users\OMENS\Local Sites\hot-dang-homes\app\public\wp-content\plugins\wp-graphql-blocks-1.0.10\plugin.php on line 37
[13-Jul-2023 13:32:30 UTC] PHP Warning:  Undefined array key "useFeaturedImage" in C:\Users\OMENS\Local Sites\hot-dang-homes\app\public\wp-content\plugins\wp-graphql-blocks-1.0.10\plugin.php on line 37
[13-Jul-2023 14:02:41 UTC] PHP Warning:  Undefined array key "useFeaturedImage" in C:\Users\OMENS\Local Sites\hot-dang-homes\app\public\wp-content\plugins\wp-graphql-blocks-1.0.10\plugin.php on line 37
[13-Jul-2023 14:12:54 UTC] PHP Warning:  Undefined array key "useFeaturedImage" in C:\Users\OMENS\Local Sites\hot-dang-homes\app\public\wp-content\plugins\wp-graphql-blocks-1.0.10\plugin.php on line 37
[13-Jul-2023 14:13:54 UTC] PHP Warning:  Undefined array key "useFeaturedImage" in C:\Users\OMENS\Local Sites\hot-dang-homes\app\public\wp-content\plugins\wp-graphql-blocks-1.0.10\plugin.php on line 37
[13-Jul-2023 14:15:24 UTC] PHP Warning:  Undefined array key "useFeaturedImage" in C:\Users\OMENS\Local Sites\hot-dang-homes\app\public\wp-content\plugins\wp-graphql-blocks-1.0.10\plugin.php on line 37
[13-Jul-2023 14:15:52 UTC] PHP Warning:  Undefined array key "useFeaturedImage" in C:\Users\OMENS\Local Sites\hot-dang-homes\app\public\wp-content\plugins\wp-graphql-blocks-1.0.10\plugin.php on line 37
[13-Jul-2023 14:16:42 UTC] PHP Warning:  Undefined array key "useFeaturedImage" in C:\Users\OMENS\Local Sites\hot-dang-homes\app\public\wp-content\plugins\wp-graphql-blocks-1.0.10\plugin.php on line 37
[13-Jul-2023 16:49:30 UTC] PHP Warning:  Undefined array key "useFeaturedImage" in C:\Users\OMENS\Local Sites\hot-dang-homes\app\public\wp-content\plugins\wp-graphql-blocks-1.0.10\plugin.php on line 37
[18-Jul-2023 17:25:21 UTC] PHP Warning:  Undefined array key "useFeaturedImage" in C:\Users\OMENS\Local Sites\hot-dang-homes\app\public\wp-content\plugins\wp-graphql-blocks-1.0.10\plugin.php on line 37
[18-Jul-2023 18:01:25 UTC] PHP Warning:  Undefined array key "useFeaturedImage" in C:\Users\OMENS\Local Sites\hot-dang-homes\app\public\wp-content\plugins\wp-graphql-blocks-1.0.10\plugin.php on line 37
[18-Jul-2023 18:48:39 UTC] PHP Warning:  Undefined array key "useFeaturedImage" in C:\Users\OMENS\Local Sites\hot-dang-homes\app\public\wp-content\plugins\wp-graphql-blocks-1.0.10\plugin.php on line 37
[19-Jul-2023 11:08:07 UTC] PHP Warning:  Undefined array key "useFeaturedImage" in C:\Users\OMENS\Local Sites\hot-dang-homes\app\public\wp-content\plugins\wp-graphql-blocks-1.0.10\plugin.php on line 37
[19-Jul-2023 11:56:18 UTC] PHP Warning:  Undefined array key "useFeaturedImage" in C:\Users\OMENS\Local Sites\hot-dang-homes\app\public\wp-content\plugins\wp-graphql-blocks-1.0.10\plugin.php on line 37
[19-Jul-2023 12:03:32 UTC] PHP Warning:  Undefined array key "useFeaturedImage" in C:\Users\OMENS\Local Sites\hot-dang-homes\app\public\wp-content\plugins\wp-graphql-blocks-1.0.10\plugin.php on line 37
[19-Jul-2023 12:34:25 UTC] PHP Warning:  Undefined array key "useFeaturedImage" in C:\Users\OMENS\Local Sites\hot-dang-homes\app\public\wp-content\plugins\wp-graphql-blocks-1.0.10\plugin.php on line 37
[19-Jul-2023 12:34:47 UTC] PHP Warning:  Undefined array key "useFeaturedImage" in C:\Users\OMENS\Local Sites\hot-dang-homes\app\public\wp-content\plugins\wp-graphql-blocks-1.0.10\plugin.php on line 37
[19-Jul-2023 12:35:22 UTC] PHP Warning:  Undefined array key "useFeaturedImage" in C:\Users\OMENS\Local Sites\hot-dang-homes\app\public\wp-content\plugins\wp-graphql-blocks-1.0.10\plugin.php on line 37
[19-Jul-2023 12:38:33 UTC] PHP Warning:  Undefined array key "useFeaturedImage" in C:\Users\OMENS\Local Sites\hot-dang-homes\app\public\wp-content\plugins\wp-graphql-blocks-1.0.10\plugin.php on line 37
[19-Jul-2023 12:39:05 UTC] PHP Warning:  Undefined array key "useFeaturedImage" in C:\Users\OMENS\Local Sites\hot-dang-homes\app\public\wp-content\plugins\wp-graphql-blocks-1.0.10\plugin.php on line 37
[19-Jul-2023 12:40:14 UTC] PHP Warning:  Undefined array key "useFeaturedImage" in C:\Users\OMENS\Local Sites\hot-dang-homes\app\public\wp-content\plugins\wp-graphql-blocks-1.0.10\plugin.php on line 37
[19-Jul-2023 13:36:35 UTC] PHP Warning:  Undefined array key "useFeaturedImage" in C:\Users\OMENS\Local Sites\hot-dang-homes\app\public\wp-content\plugins\wp-graphql-blocks-1.0.10\plugin.php on line 37
[19-Jul-2023 13:36:55 UTC] PHP Warning:  Undefined array key "useFeaturedImage" in C:\Users\OMENS\Local Sites\hot-dang-homes\app\public\wp-content\plugins\wp-graphql-blocks-1.0.10\plugin.php on line 37
[19-Jul-2023 13:58:38 UTC] PHP Warning:  Undefined array key "useFeaturedImage" in C:\Users\OMENS\Local Sites\hot-dang-homes\app\public\wp-content\plugins\wp-graphql-blocks-1.0.10\plugin.php on line 37
[19-Jul-2023 14:02:25 UTC] PHP Warning:  Undefined array key "useFeaturedImage" in C:\Users\OMENS\Local Sites\hot-dang-homes\app\public\wp-content\plugins\wp-graphql-blocks-1.0.10\plugin.php on line 37
[01-Aug-2023 18:33:44 UTC] PHP Warning:  Undefined array key "useFeaturedImage" in C:\Users\OMENS\Local Sites\hot-dang-homes\app\public\wp-content\plugins\wp-graphql-blocks-1.0.10\plugin.php on line 37
[01-Aug-2023 19:01:58 UTC] PHP Warning:  Undefined array key "useFeaturedImage" in C:\Users\OMENS\Local Sites\hot-dang-homes\app\public\wp-content\plugins\wp-graphql-blocks-1.0.10\plugin.php on line 37
[01-Aug-2023 19:01:59 UTC] PHP Warning:  Undefined array key "height" in C:\Users\OMENS\Local Sites\hot-dang-homes\app\public\wp-content\plugins\wp-graphql-blocks-1.0.10\plugin.php on line 54
[01-Aug-2023 19:01:59 UTC] PHP Warning:  Undefined array key "width" in C:\Users\OMENS\Local Sites\hot-dang-homes\app\public\wp-content\plugins\wp-graphql-blocks-1.0.10\plugin.php on line 54
[09-Aug-2023 17:52:01 UTC] PHP Warning:  Undefined array key "useFeaturedImage" in C:\Users\OMENS\Local Sites\hot-dang-homes\app\public\wp-content\plugins\wp-graphql-blocks-1.0.10\plugin.php on line 37
[09-Aug-2023 17:52:01 UTC] PHP Warning:  Undefined array key "height" in C:\Users\OMENS\Local Sites\hot-dang-homes\app\public\wp-content\plugins\wp-graphql-blocks-1.0.10\plugin.php on line 54
[09-Aug-2023 17:52:01 UTC] PHP Warning:  Undefined array key "width" in C:\Users\OMENS\Local Sites\hot-dang-homes\app\public\wp-content\plugins\wp-graphql-blocks-1.0.10\plugin.php on line 54
[09-Aug-2023 17:55:17 UTC] PHP Warning:  Undefined array key "useFeaturedImage" in C:\Users\OMENS\Local Sites\hot-dang-homes\app\public\wp-content\plugins\wp-graphql-blocks-1.0.10\plugin.php on line 37
[09-Aug-2023 17:55:17 UTC] PHP Warning:  Undefined array key "height" in C:\Users\OMENS\Local Sites\hot-dang-homes\app\public\wp-content\plugins\wp-graphql-blocks-1.0.10\plugin.php on line 54
[09-Aug-2023 17:55:17 UTC] PHP Warning:  Undefined array key "width" in C:\Users\OMENS\Local Sites\hot-dang-homes\app\public\wp-content\plugins\wp-graphql-blocks-1.0.10\plugin.php on line 54
[09-Aug-2023 18:12:33 UTC] PHP Warning:  Undefined array key "useFeaturedImage" in C:\Users\OMENS\Local Sites\hot-dang-homes\app\public\wp-content\plugins\wp-graphql-blocks-1.0.10\plugin.php on line 37
[09-Aug-2023 18:12:33 UTC] PHP Warning:  Undefined array key "height" in C:\Users\OMENS\Local Sites\hot-dang-homes\app\public\wp-content\plugins\wp-graphql-blocks-1.0.10\plugin.php on line 54
[09-Aug-2023 18:12:33 UTC] PHP Warning:  Undefined array key "width" in C:\Users\OMENS\Local Sites\hot-dang-homes\app\public\wp-content\plugins\wp-graphql-blocks-1.0.10\plugin.php on line 54
[09-Aug-2023 18:16:29 UTC] PHP Warning:  Undefined array key "useFeaturedImage" in C:\Users\OMENS\Local Sites\hot-dang-homes\app\public\wp-content\plugins\wp-graphql-blocks-1.0.10\plugin.php on line 37
[09-Aug-2023 18:16:29 UTC] PHP Warning:  Undefined array key "height" in C:\Users\OMENS\Local Sites\hot-dang-homes\app\public\wp-content\plugins\wp-graphql-blocks-1.0.10\plugin.php on line 54
[09-Aug-2023 18:16:29 UTC] PHP Warning:  Undefined array key "width" in C:\Users\OMENS\Local Sites\hot-dang-homes\app\public\wp-content\plugins\wp-graphql-blocks-1.0.10\plugin.php on line 54
[09-Aug-2023 18:28:26 UTC] PHP Warning:  Undefined array key "useFeaturedImage" in C:\Users\OMENS\Local Sites\hot-dang-homes\app\public\wp-content\plugins\wp-graphql-blocks-1.0.10\plugin.php on line 37
[09-Aug-2023 18:28:26 UTC] PHP Warning:  Undefined array key "height" in C:\Users\OMENS\Local Sites\hot-dang-homes\app\public\wp-content\plugins\wp-graphql-blocks-1.0.10\plugin.php on line 54
[09-Aug-2023 18:28:26 UTC] PHP Warning:  Undefined array key "width" in C:\Users\OMENS\Local Sites\hot-dang-homes\app\public\wp-content\plugins\wp-graphql-blocks-1.0.10\plugin.php on line 54
[09-Aug-2023 18:29:13 UTC] PHP Warning:  Undefined array key "useFeaturedImage" in C:\Users\OMENS\Local Sites\hot-dang-homes\app\public\wp-content\plugins\wp-graphql-blocks-1.0.10\plugin.php on line 37
[09-Aug-2023 18:29:13 UTC] PHP Warning:  Undefined array key "height" in C:\Users\OMENS\Local Sites\hot-dang-homes\app\public\wp-content\plugins\wp-graphql-blocks-1.0.10\plugin.php on line 54
[09-Aug-2023 18:29:13 UTC] PHP Warning:  Undefined array key "width" in C:\Users\OMENS\Local Sites\hot-dang-homes\app\public\wp-content\plugins\wp-graphql-blocks-1.0.10\plugin.php on line 54
[14-Aug-2023 13:16:51 UTC] PHP Warning:  Undefined array key "useFeaturedImage" in C:\Users\OMENS\Local Sites\hot-dang-homes\app\public\wp-content\plugins\wp-graphql-blocks-1.0.10\plugin.php on line 37
[14-Aug-2023 13:16:51 UTC] PHP Warning:  Undefined array key "height" in C:\Users\OMENS\Local Sites\hot-dang-homes\app\public\wp-content\plugins\wp-graphql-blocks-1.0.10\plugin.php on line 54
[14-Aug-2023 13:16:51 UTC] PHP Warning:  Undefined array key "width" in C:\Users\OMENS\Local Sites\hot-dang-homes\app\public\wp-content\plugins\wp-graphql-blocks-1.0.10\plugin.php on line 54
[14-Aug-2023 13:33:51 UTC] PHP Warning:  Undefined array key "useFeaturedImage" in C:\Users\OMENS\Local Sites\hot-dang-homes\app\public\wp-content\plugins\wp-graphql-blocks-1.0.10\plugin.php on line 37
[14-Aug-2023 13:33:51 UTC] PHP Warning:  Undefined array key "height" in C:\Users\OMENS\Local Sites\hot-dang-homes\app\public\wp-content\plugins\wp-graphql-blocks-1.0.10\plugin.php on line 54
[14-Aug-2023 13:33:51 UTC] PHP Warning:  Undefined array key "width" in C:\Users\OMENS\Local Sites\hot-dang-homes\app\public\wp-content\plugins\wp-graphql-blocks-1.0.10\plugin.php on line 54
[14-Aug-2023 19:16:51 UTC] PHP Warning:  Undefined array key "useFeaturedImage" in C:\Users\OMENS\Local Sites\hot-dang-homes\app\public\wp-content\plugins\wp-graphql-blocks-1.0.10\plugin.php on line 37
[14-Aug-2023 19:16:51 UTC] PHP Warning:  Undefined array key "height" in C:\Users\OMENS\Local Sites\hot-dang-homes\app\public\wp-content\plugins\wp-graphql-blocks-1.0.10\plugin.php on line 54
[14-Aug-2023 19:16:51 UTC] PHP Warning:  Undefined array key "width" in C:\Users\OMENS\Local Sites\hot-dang-homes\app\public\wp-content\plugins\wp-graphql-blocks-1.0.10\plugin.php on line 54
[15-Aug-2023 11:16:20 UTC] PHP Warning:  Undefined variable $form_id in C:\Users\OMENS\Local Sites\hot-dang-homes\app\public\wp-content\themes\twentytwentytwo-child\template-parts\blocks\formspreeForm\formspreeForm.php on line 9
[15-Aug-2023 11:16:20 UTC] PHP Warning:  Undefined variable $form_id in C:\Users\OMENS\Local Sites\hot-dang-homes\app\public\wp-content\themes\twentytwentytwo-child\template-parts\blocks\formspreeForm\formspreeForm.php on line 9
[15-Aug-2023 11:16:28 UTC] PHP Warning:  Undefined variable $form_id in C:\Users\OMENS\Local Sites\hot-dang-homes\app\public\wp-content\themes\twentytwentytwo-child\template-parts\blocks\formspreeForm\formspreeForm.php on line 9
[15-Aug-2023 11:16:32 UTC] PHP Warning:  Undefined variable $form_id in C:\Users\OMENS\Local Sites\hot-dang-homes\app\public\wp-content\themes\twentytwentytwo-child\template-parts\blocks\formspreeForm\formspreeForm.php on line 9
[15-Aug-2023 11:33:33 UTC] PHP Warning:  Undefined array key "useFeaturedImage" in C:\Users\OMENS\Local Sites\hot-dang-homes\app\public\wp-content\plugins\wp-graphql-blocks-1.0.10\plugin.php on line 37
[15-Aug-2023 11:33:33 UTC] PHP Warning:  Undefined array key "height" in C:\Users\OMENS\Local Sites\hot-dang-homes\app\public\wp-content\plugins\wp-graphql-blocks-1.0.10\plugin.php on line 54
[15-Aug-2023 11:33:33 UTC] PHP Warning:  Undefined array key "width" in C:\Users\OMENS\Local Sites\hot-dang-homes\app\public\wp-content\plugins\wp-graphql-blocks-1.0.10\plugin.php on line 54
[15-Aug-2023 12:09:30 UTC] PHP Parse error:  syntax error, unexpected token "}", expecting "," or ";" in C:\Users\OMENS\Local Sites\hot-dang-homes\app\public\wp-content\themes\twentytwentytwo-child\template-parts\blocks\propertyFeatures\propertyFeatures.php on line 22
[15-Aug-2023 12:09:45 UTC] PHP Parse error:  syntax error, unexpected token "}", expecting "," or ";" in C:\Users\OMENS\Local Sites\hot-dang-homes\app\public\wp-content\themes\twentytwentytwo-child\template-parts\blocks\propertyFeatures\propertyFeatures.php on line 22
[15-Aug-2023 12:10:03 UTC] PHP Parse error:  syntax error, unexpected token "}", expecting "," or ";" in C:\Users\OMENS\Local Sites\hot-dang-homes\app\public\wp-content\themes\twentytwentytwo-child\template-parts\blocks\propertyFeatures\propertyFeatures.php on line 22
[15-Aug-2023 12:10:03 UTC] PHP Parse error:  syntax error, unexpected token "}", expecting "," or ";" in C:\Users\OMENS\Local Sites\hot-dang-homes\app\public\wp-content\themes\twentytwentytwo-child\template-parts\blocks\propertyFeatures\propertyFeatures.php on line 22
[15-Aug-2023 12:10:03 UTC] PHP Warning:  Trying to access array offset on value of type bool in C:\Users\OMENS\Local Sites\hot-dang-homes\app\public\wp-includes\class-wp-recovery-mode-email-service.php on line 367
[15-Aug-2023 12:10:03 UTC] PHP Warning:  Trying to access array offset on value of type bool in C:\Users\OMENS\Local Sites\hot-dang-homes\app\public\wp-includes\class-wp-recovery-mode-email-service.php on line 368
[15-Aug-2023 12:10:10 UTC] PHP Parse error:  syntax error, unexpected token "}", expecting "," or ";" in C:\Users\OMENS\Local Sites\hot-dang-homes\app\public\wp-content\themes\twentytwentytwo-child\template-parts\blocks\propertyFeatures\propertyFeatures.php on line 22
[15-Aug-2023 12:10:39 UTC] PHP Parse error:  syntax error, unexpected token "}", expecting "," or ";" in C:\Users\OMENS\Local Sites\hot-dang-homes\app\public\wp-content\themes\twentytwentytwo-child\template-parts\blocks\propertyFeatures\propertyFeatures.php on line 22
[15-Aug-2023 12:10:42 UTC] PHP Parse error:  syntax error, unexpected token "}", expecting "," or ";" in C:\Users\OMENS\Local Sites\hot-dang-homes\app\public\wp-content\themes\twentytwentytwo-child\template-parts\blocks\propertyFeatures\propertyFeatures.php on line 22
[15-Aug-2023 12:10:43 UTC] PHP Parse error:  syntax error, unexpected token "}", expecting "," or ";" in C:\Users\OMENS\Local Sites\hot-dang-homes\app\public\wp-content\themes\twentytwentytwo-child\template-parts\blocks\propertyFeatures\propertyFeatures.php on line 22
[15-Aug-2023 12:14:44 UTC] PHP Parse error:  syntax error, unexpected token ">", expecting end of file in C:\Users\OMENS\Local Sites\hot-dang-homes\app\public\wp-content\themes\twentytwentytwo-child\template-parts\blocks\propertyFeatures\propertyFeatures.php on line 29
